ISim log file
Running: /home/ashley/Documents/M152A/CSM152ALab1_505308582/FPCVT_tb_isim_beh.exe -intstyle ise -gui -tclbatch isim.cmd -wdb /home/ashley/Documents/M152A/CSM152ALab1_505308582/FPCVT_tb_isim_beh.wdb 
ISim P.20131013 (signature 0xfbc00daa)
WARNING: A WEBPACK license was found.
WARNING: Please use Xilinx License Configuration Manager to check out a full ISim license.
WARNING: ISim will run in Lite mode. Please refer to the ISim documentation for more information on the differences between the Lite and the Full version.
This is a Lite version of ISim.
Time resolution is 1 ps
# onerror resume
# wave add /
# run 1000 ns
Simulator is doing circuit initialization process.
Finished circuit initialization process.
1_0000_0000_00001731
0_1111_1111_11110731
0_0001_1010_01100426
1_1110_0101_10101426
0_0000_0110_11000227
0_0000_0110_11100228
0_0000_0110_11110228
1_1110_0101_10101426
1_1111_1111_111110 1
0_0000_0000_000100 1
# exit 0
