Release 14.7 - xst P.20131013 (lin64)
Copyright (c) 1995-2013 Xilinx, Inc.  All rights reserved.
--> 
Parameter TMPDIR set to xst/projnav.tmp


Total REAL time to Xst completion: 0.00 secs
Total CPU time to Xst completion: 0.04 secs
 
--> 
Parameter xsthdpdir set to xst


Total REAL time to Xst completion: 0.00 secs
Total CPU time to Xst completion: 0.04 secs
 
--> 
Reading design: clock_gen.prj

TABLE OF CONTENTS
  1) Synthesis Options Summary
  2) HDL Parsing
  3) HDL Elaboration
  4) HDL Synthesis
       4.1) HDL Synthesis Report
  5) Advanced HDL Synthesis
       5.1) Advanced HDL Synthesis Report
  6) Low Level Synthesis
  7) Partition Report
  8) Design Summary
       8.1) Primitive and Black Box Usage
       8.2) Device utilization summary
       8.3) Partition Resource Summary
       8.4) Timing Report
            8.4.1) Clock Information
            8.4.2) Asynchronous Control Signals Information
            8.4.3) Timing Summary
            8.4.4) Timing Details
            8.4.5) Cross Clock Domains Report


=========================================================================
*                      Synthesis Options Summary                        *
=========================================================================
---- Source Parameters
Input File Name                    : "clock_gen.prj"
Ignore Synthesis Constraint File   : NO

---- Target Parameters
Output File Name                   : "clock_gen"
Output Format                      : NGC
Target Device                      : xc6slx16-3-csg324

---- Source Options
Top Module Name                    : clock_gen
Automatic FSM Extraction           : YES
FSM Encoding Algorithm             : Auto
Safe Implementation                : No
FSM Style                          : LUT
RAM Extraction                     : Yes
RAM Style                          : Auto
ROM Extraction                     : Yes
Shift Register Extraction          : YES
ROM Style                          : Auto
Resource Sharing                   : YES
Asynchronous To Synchronous        : NO
Shift Register Minimum Size        : 2
Use DSP Block                      : Auto
Automatic Register Balancing       : No

---- Target Options
LUT Combining                      : Auto
Reduce Control Sets                : Auto
Add IO Buffers                     : YES
Global Maximum Fanout              : 100000
Add Generic Clock Buffer(BUFG)     : 16
Register Duplication               : YES
Optimize Instantiated Primitives   : NO
Use Clock Enable                   : Auto
Use Synchronous Set                : Auto
Use Synchronous Reset              : Auto
Pack IO Registers into IOBs        : Auto
Equivalent register Removal        : YES

---- General Options
Optimization Goal                  : Speed
Optimization Effort                : 1
Power Reduction                    : NO
Keep Hierarchy                     : No
Netlist Hierarchy                  : As_Optimized
RTL Output                         : Yes
Global Optimization                : AllClockNets
Read Cores                         : YES
Write Timing Constraints           : NO
Cross Clock Analysis               : NO
Hierarchy Separator                : /
Bus Delimiter                      : <>
Case Specifier                     : Maintain
Slice Utilization Ratio            : 100
BRAM Utilization Ratio             : 100
DSP48 Utilization Ratio            : 100
Auto BRAM Packing                  : NO
Slice Utilization Ratio Delta      : 5

=========================================================================


=========================================================================
*                          HDL Parsing                                  *
=========================================================================
Analyzing Verilog file "/home/ashley/Documents/M152A/CSM152ALab2_505308582/clock_gen.v" into library work
Parsing module <div_pow_2>.
Parsing module <div_32>.
Parsing module <div_26>.
Parsing module <div_3>.
Parsing module <div_5>.
Parsing module <div_200>.
Parsing module <strobe>.
Parsing module <clock_gen>.

=========================================================================
*                            HDL Elaboration                            *
=========================================================================

Elaborating module <clock_gen>.

Elaborating module <div_pow_2>.

Elaborating module <div_32>.

Elaborating module <div_26>.

Elaborating module <div_3>.

Elaborating module <div_5>.

Elaborating module <div_200>.

Elaborating module <strobe>.

=========================================================================
*                           HDL Synthesis                               *
=========================================================================

Synthesizing Unit <clock_gen>.
    Related source file is "/home/ashley/Documents/M152A/CSM152ALab2_505308582/clock_gen.v".
    Summary:
	no macro.
Unit <clock_gen> synthesized.

Synthesizing Unit <div_pow_2>.
    Related source file is "/home/ashley/Documents/M152A/CSM152ALab2_505308582/clock_gen.v".
    Found 4-bit register for signal <counter>.
    Found 4-bit adder for signal <counter[3]_GND_2_o_add_1_OUT> created at line 37.
    Summary:
	inferred   1 Adder/Subtractor(s).
	inferred   4 D-type flip-flop(s).
Unit <div_pow_2> synthesized.

Synthesizing Unit <div_32>.
    Related source file is "/home/ashley/Documents/M152A/CSM152ALab2_505308582/clock_gen.v".
    Found 4-bit register for signal <counter>.
    Found 1-bit register for signal <output_32>.
    Found 4-bit adder for signal <counter[3]_GND_3_o_add_3_OUT> created at line 66.
    Summary:
	inferred   1 Adder/Subtractor(s).
	inferred   5 D-type flip-flop(s).
Unit <div_32> synthesized.

Synthesizing Unit <div_26>.
    Related source file is "/home/ashley/Documents/M152A/CSM152ALab2_505308582/clock_gen.v".
    Found 4-bit register for signal <counter>.
    Found 1-bit register for signal <output_26>.
    Found 4-bit adder for signal <counter[3]_GND_4_o_add_2_OUT> created at line 91.
    Summary:
	inferred   1 Adder/Subtractor(s).
	inferred   5 D-type flip-flop(s).
Unit <div_26> synthesized.

Synthesizing Unit <div_3>.
    Related source file is "/home/ashley/Documents/M152A/CSM152ALab2_505308582/clock_gen.v".
    Found 3-bit register for signal <negative_counter>.
    Found 3-bit register for signal <positive_counter>.
    Summary:
	inferred   6 D-type flip-flop(s).
Unit <div_3> synthesized.

Synthesizing Unit <div_5>.
    Related source file is "/home/ashley/Documents/M152A/CSM152ALab2_505308582/clock_gen.v".
    Found 5-bit register for signal <negative_counter>.
    Found 5-bit register for signal <positive_counter>.
    Summary:
	inferred  10 D-type flip-flop(s).
Unit <div_5> synthesized.

Synthesizing Unit <div_200>.
    Related source file is "/home/ashley/Documents/M152A/CSM152ALab2_505308582/clock_gen.v".
    Found 1-bit register for signal <output_200>.
    Found 8-bit register for signal <counter>.
    Found 8-bit adder for signal <counter[7]_GND_7_o_add_1_OUT> created at line 179.
    Summary:
	inferred   1 Adder/Subtractor(s).
	inferred   9 D-type flip-flop(s).
Unit <div_200> synthesized.

Synthesizing Unit <strobe>.
    Related source file is "/home/ashley/Documents/M152A/CSM152ALab2_505308582/clock_gen.v".
    Found 8-bit register for signal <toggle_counter>.
    Found 2-bit register for signal <counter>.
    Found 8-bit subtractor for signal <toggle_counter[7]_GND_8_o_sub_7_OUT> created at line 219.
    Found 2-bit adder for signal <counter[1]_GND_8_o_add_1_OUT> created at line 211.
    Found 8-bit adder for signal <toggle_counter[7]_GND_8_o_add_7_OUT> created at line 221.
    Summary:
	inferred   2 Adder/Subtractor(s).
	inferred  10 D-type flip-flop(s).
	inferred   1 Multiplexer(s).
Unit <strobe> synthesized.

=========================================================================
HDL Synthesis Report

Macro Statistics
# Adders/Subtractors                                   : 6
 2-bit adder                                           : 1
 4-bit adder                                           : 3
 8-bit adder                                           : 1
 8-bit addsub                                          : 1
# Registers                                            : 13
 1-bit register                                        : 3
 2-bit register                                        : 1
 3-bit register                                        : 2
 4-bit register                                        : 3
 5-bit register                                        : 2
 8-bit register                                        : 2
# Multiplexers                                         : 1
 8-bit 2-to-1 multiplexer                              : 1

=========================================================================
INFO:Xst:1767 - HDL ADVISOR - Resource sharing has identified that some arithmetic operations in this design can share the same physical resources for reduced device utilization. For improved clock frequency you may try to disable resource sharing.

=========================================================================
*                       Advanced HDL Synthesis                          *
=========================================================================


Synthesizing (advanced) Unit <div_200>.
The following registers are absorbed into counter <counter>: 1 register on signal <counter>.
Unit <div_200> synthesized (advanced).

Synthesizing (advanced) Unit <div_26>.
The following registers are absorbed into counter <counter>: 1 register on signal <counter>.
Unit <div_26> synthesized (advanced).

Synthesizing (advanced) Unit <div_32>.
The following registers are absorbed into counter <counter>: 1 register on signal <counter>.
Unit <div_32> synthesized (advanced).

Synthesizing (advanced) Unit <div_pow_2>.
The following registers are absorbed into counter <counter>: 1 register on signal <counter>.
Unit <div_pow_2> synthesized (advanced).

Synthesizing (advanced) Unit <strobe>.
The following registers are absorbed into accumulator <toggle_counter>: 1 register on signal <toggle_counter>.
The following registers are absorbed into counter <counter>: 1 register on signal <counter>.
Unit <strobe> synthesized (advanced).

=========================================================================
Advanced HDL Synthesis Report

Macro Statistics
# Counters                                             : 5
 2-bit up counter                                      : 1
 4-bit up counter                                      : 3
 8-bit up counter                                      : 1
# Accumulators                                         : 1
 8-bit updown accumulator                              : 1
# Registers                                            : 19
 Flip-Flops                                            : 19

=========================================================================

=========================================================================
*                         Low Level Synthesis                           *
=========================================================================
INFO:Xst:2146 - In block <clock_gen>, Counter <task1/counter> <task2/counter> are equivalent, XST will keep only <task1/counter>.

Optimizing unit <clock_gen> ...

Optimizing unit <div_5> ...
INFO:Xst:2261 - The FF/Latch <task1/counter_0> in Unit <clock_gen> is equivalent to the following 3 FFs/Latches, which will be removed : <task8/counter_0> <task9/counter_0> <task9/toggle_counter_0> 
INFO:Xst:2261 - The FF/Latch <task1/counter_1> in Unit <clock_gen> is equivalent to the following 2 FFs/Latches, which will be removed : <task8/counter_1> <task9/counter_1> 

Mapping all equations...
Building and optimizing final netlist ...
Found area constraint ratio of 100 (+ 5) on block clock_gen, actual ratio is 0.

Final Macro Processing ...

=========================================================================
Final Register Report

Macro Statistics
# Registers                                            : 40
 Flip-Flops                                            : 40

=========================================================================

=========================================================================
*                           Partition Report                            *
=========================================================================

Partition Implementation Status
-------------------------------

  No Partitions were found in this design.

-------------------------------

=========================================================================
*                            Design Summary                             *
=========================================================================

Top Level Output File Name         : clock_gen.ngc

Primitive and Black Box Usage:
------------------------------
# BELS                             : 60
#      GND                         : 1
#      INV                         : 1
#      LUT1                        : 7
#      LUT2                        : 14
#      LUT3                        : 6
#      LUT4                        : 4
#      LUT5                        : 7
#      LUT6                        : 6
#      MUXCY                       : 7
#      VCC                         : 1
#      XORCY                       : 6
# FlipFlops/Latches                : 40
#      FD                          : 12
#      FD_1                        : 1
#      FDR                         : 18
#      FDR_1                       : 5
#      FDS                         : 2
#      FDS_1                       : 2
# Clock Buffers                    : 1
#      BUFGP                       : 1
# IO Buffers                       : 20
#      IBUF                        : 1
#      OBUF                        : 19

Device utilization summary:
---------------------------

Selected Device : 6slx16csg324-3 


Slice Logic Utilization: 
 Number of Slice Registers:              40  out of  18224     0%  
 Number of Slice LUTs:                   45  out of   9112     0%  
    Number used as Logic:                45  out of   9112     0%  

Slice Logic Distribution: 
 Number of LUT Flip Flop pairs used:     57
   Number with an unused Flip Flop:      17  out of     57    29%  
   Number with an unused LUT:            12  out of     57    21%  
   Number of fully used LUT-FF pairs:    28  out of     57    49%  
   Number of unique control sets:         2

IO Utilization: 
 Number of IOs:                          21
 Number of bonded IOBs:                  21  out of    232     9%  

Specific Feature Utilization:
 Number of BUFG/BUFGCTRLs:                1  out of     16     6%  

---------------------------
Partition Resource Summary:
---------------------------

  No Partitions were found in this design.

---------------------------


=========================================================================
Timing Report

NOTE: THESE TIMING NUMBERS ARE ONLY A SYNTHESIS ESTIMATE.
      FOR ACCURATE TIMING INFORMATION PLEASE REFER TO THE TRACE REPORT
      GENERATED AFTER PLACE-and-ROUTE.

Clock Information:
------------------
-----------------------------------+------------------------+-------+
Clock Signal                       | Clock buffer(FF name)  | Load  |
-----------------------------------+------------------------+-------+
clk_in                             | BUFGP                  | 40    |
-----------------------------------+------------------------+-------+

Asynchronous Control Signals Information:
----------------------------------------
No asynchronous control signals found in this design

Timing Summary:
---------------
Speed Grade: -3

   Minimum period: 3.388ns (Maximum Frequency: 295.138MHz)
   Minimum input arrival time before clock: 4.218ns
   Maximum output required time after clock: 4.555ns
   Maximum combinational path delay: 6.182ns

Timing Details:
---------------
All values displayed in nanoseconds (ns)

=========================================================================
Timing constraint: Default period analysis for Clock 'clk_in'
  Clock period: 3.388ns (frequency: 295.138MHz)
  Total number of paths / destination ports: 188 / 40
-------------------------------------------------------------------------
Delay:               3.388ns (Levels of Logic = 3)
  Source:            task8/counter_3 (FF)
  Destination:       task8/counter_2 (FF)
  Source Clock:      clk_in rising
  Destination Clock: clk_in rising

  Data Path: task8/counter_3 to task8/counter_2
                                Gate     Net
    Cell:in->out      fanout   Delay   Delay  Logical Name (Net Name)
    ----------------------------------------  ------------
     FD:C->Q               2   0.447   0.864  task8/counter_3 (task8/counter_3)
     LUT4:I0->O            2   0.203   0.617  task8/GND_7_o_GND_7_o_equal_3_o<7>11 (task8/GND_7_o_GND_7_o_equal_3_o<7>1)
     LUT6:I5->O            6   0.205   0.745  task8/Mcount_counter_val1 (task8/Mcount_counter_val)
     LUT2:I1->O            1   0.205   0.000  task8/counter_2_rstpot (task8/counter_2_rstpot)
     FD:D                      0.102          task8/counter_2
    ----------------------------------------
    Total                      3.388ns (1.162ns logic, 2.226ns route)
                                       (34.3% logic, 65.7% route)

=========================================================================
Timing constraint: Default OFFSET IN BEFORE for Clock 'clk_in'
  Total number of paths / destination ports: 40 / 40
-------------------------------------------------------------------------
Offset:              4.218ns (Levels of Logic = 3)
  Source:            rst (PAD)
  Destination:       task8/counter_2 (FF)
  Destination Clock: clk_in rising

  Data Path: rst to task8/counter_2
                                Gate     Net
    Cell:in->out      fanout   Delay   Delay  Logical Name (Net Name)
    ----------------------------------------  ------------
     IBUF:I->O            38   1.222   1.741  rst_IBUF (rst_IBUF)
     LUT6:I0->O            6   0.203   0.745  task8/Mcount_counter_val1 (task8/Mcount_counter_val)
     LUT2:I1->O            1   0.205   0.000  task8/counter_2_rstpot (task8/counter_2_rstpot)
     FD:D                      0.102          task8/counter_2
    ----------------------------------------
    Total                      4.218ns (1.732ns logic, 2.486ns route)
                                       (41.1% logic, 58.9% route)

=========================================================================
Timing constraint: Default OFFSET OUT AFTER for Clock 'clk_in'
  Total number of paths / destination ports: 21 / 19
-------------------------------------------------------------------------
Offset:              4.555ns (Levels of Logic = 2)
  Source:            task456/negative_counter_2 (FF)
  Destination:       clk_div_3 (PAD)
  Source Clock:      clk_in falling

  Data Path: task456/negative_counter_2 to clk_div_3
                                Gate     Net
    Cell:in->out      fanout   Delay   Delay  Logical Name (Net Name)
    ----------------------------------------  ------------
     FDR_1:C->Q            3   0.447   0.755  task456/negative_counter_2 (task456/negative_counter_2)
     LUT3:I1->O            1   0.203   0.579  task456/clk_div_31 (clk_div_3_OBUF)
     OBUF:I->O                 2.571          clk_div_3_OBUF (clk_div_3)
    ----------------------------------------
    Total                      4.555ns (3.221ns logic, 1.334ns route)
                                       (70.7% logic, 29.3% route)

=========================================================================
Timing constraint: Default path analysis
  Total number of paths / destination ports: 3 / 3
-------------------------------------------------------------------------
Delay:               6.182ns (Levels of Logic = 3)
  Source:            rst (PAD)
  Destination:       clk_div_3 (PAD)

  Data Path: rst to clk_div_3
                                Gate     Net
    Cell:in->out      fanout   Delay   Delay  Logical Name (Net Name)
    ----------------------------------------  ------------
     IBUF:I->O            38   1.222   1.605  rst_IBUF (rst_IBUF)
     LUT3:I0->O            1   0.205   0.579  task456/clk_div_31 (clk_div_3_OBUF)
     OBUF:I->O                 2.571          clk_div_3_OBUF (clk_div_3)
    ----------------------------------------
    Total                      6.182ns (3.998ns logic, 2.184ns route)
                                       (64.7% logic, 35.3% route)

=========================================================================

Cross Clock Domains Report:
--------------------------

Clock to Setup on destination clock clk_in
---------------+---------+---------+---------+---------+
               | Src:Rise| Src:Fall| Src:Rise| Src:Fall|
Source Clock   |Dest:Rise|Dest:Rise|Dest:Fall|Dest:Fall|
---------------+---------+---------+---------+---------+
clk_in         |    3.388|         |    1.436|         |
---------------+---------+---------+---------+---------+

=========================================================================


Total REAL time to Xst completion: 4.00 secs
Total CPU time to Xst completion: 4.04 secs
 
--> 


Total memory usage is 377436 kilobytes

Number of errors   :    0 (   0 filtered)
Number of warnings :    0 (   0 filtered)
Number of infos    :    4 (   0 filtered)

