Command line:
   FPCVT_tb_isim_beh.exe
     -simmode  gui
     -simrunnum  0
     -socket  54915

Mon Apr 19 22:58:12 2021


 Elaboration Time: 0 sec

 Current Memory Usage: 184.23 Meg

 Total Signals          : 29
 Total Nets             : 58
 Total Signal Drivers   : 13
 Total Blocks           : 6
 Total Primitive Blocks : 4
 Total Processes        : 18
 Total Traceable Variables  : 27
 Total Scalar Nets and Variables : 196
Total Line Count : 108

 Total Simulation Time: 0.07 sec

 Current Memory Usage: 259.731 Meg

Tue Apr 20 00:11:56 2021

